\BOOKMARK [-1][]{title.-1}{室内场景的点云协同分割}{}% 1
\BOOKMARK [0][]{chapter*.1}{摘要}{title.-1}% 2
\BOOKMARK [0][]{chapter*.2}{ABSTRACT}{title.-1}% 3
\BOOKMARK [0][]{chapter*.3}{目录}{title.-1}% 4
\BOOKMARK [0][]{chapter*.3}{表格索引}{title.-1}% 5
\BOOKMARK [0][]{chapter*.4}{插图索引}{title.-1}% 6
\BOOKMARK [0][]{chapter*.5}{算法索引}{title.-1}% 7
\BOOKMARK [0][]{chapter*.7}{主要符号对照表}{title.-1}% 8
\BOOKMARK [0][]{chapter.1}{第一章  绪论}{title.-1}% 9
\BOOKMARK [1][]{section.1.1}{1.1 研究背景与意义}{chapter.1}% 10
\BOOKMARK [1][]{section.1.2}{1.2 国内外研究概况和发展趋势}{chapter.1}% 11
\BOOKMARK [1][]{section.1.3}{1.3 本文的研究内容}{chapter.1}% 12
\BOOKMARK [1][]{section.1.4}{1.4 本文的结构安排}{chapter.1}% 13
\BOOKMARK [0][]{chapter.2}{第二章  室内场景的三维点云数据的采集与处理}{title.-1}% 14
\BOOKMARK [1][]{section.2.1}{2.1 概述}{chapter.2}% 15
\BOOKMARK [1][]{section.2.2}{2.2 基于Voxel hashing的3D重建方法}{chapter.2}% 16
\BOOKMARK [1][]{section.2.3}{2.3 点云数据特征}{chapter.2}% 17
\BOOKMARK [1][]{section.2.4}{2.4 点云预处理算法}{chapter.2}% 18
\BOOKMARK [0][]{chapter.3}{第三章  分层分割室内场景算法}{title.-1}% 19
\BOOKMARK [1][]{section.3.1}{3.1 概述}{chapter.3}% 20
\BOOKMARK [1][]{section.3.2}{3.2 基于区域增长法的平面检测算法}{chapter.3}% 21
\BOOKMARK [2][]{subsection.3.2.1}{3.2.1 k-d树数据检索法}{section.3.2}% 22
\BOOKMARK [2][]{subsection.3.2.2}{3.2.2 主成分分析法}{section.3.2}% 23
\BOOKMARK [2][]{subsection.3.2.3}{3.2.3 区域增长法}{section.3.2}% 24
\BOOKMARK [1][]{section.3.3}{3.3 自适应参数的区域增长平面检测算法}{chapter.3}% 25
\BOOKMARK [1][]{section.3.4}{3.4 构建树形结构}{chapter.3}% 26
\BOOKMARK [1][]{section.3.5}{3.5 实验结果和对比}{chapter.3}% 27
\BOOKMARK [0][]{chapter.4}{第四章  点云特征描述算法}{title.-1}% 28
\BOOKMARK [1][]{section.4.1}{4.1 概述}{chapter.4}% 29
\BOOKMARK [1][]{section.4.2}{4.2 点云形状特征描述子}{chapter.4}% 30
\BOOKMARK [1][]{section.4.3}{4.3 点云颜色特征描述子}{chapter.4}% 31
\BOOKMARK [1][]{section.4.4}{4.4 实验结果}{chapter.4}% 32
\BOOKMARK [0][]{chapter.5}{第五章  协同分析算法}{title.-1}% 33
\BOOKMARK [1][]{section.5.1}{5.1 概述}{chapter.5}% 34
\BOOKMARK [1][]{section.5.2}{5.2 聚类算法}{chapter.5}% 35
\BOOKMARK [1][]{section.5.3}{5.3 协同分析算法}{chapter.5}% 36
\BOOKMARK [1][]{section.5.4}{5.4 实验结果和对比}{chapter.5}% 37
\BOOKMARK [0][]{chapter.6}{第六章  总结与展望}{title.-1}% 38
\BOOKMARK [0][]{chapter*.8}{参考文献}{title.-1}% 39
\BOOKMARK [0][]{appendix.A}{附录 A  关于硕士、博士学位论文撰写要求}{title.-1}% 40
\BOOKMARK [1][]{section.A.1}{A.1 对学位论文的基本要求}{appendix.A}% 41
\BOOKMARK [2][]{subsection.A.1.1}{A.1.1 硕士学位论文}{section.A.1}% 42
\BOOKMARK [2][]{subsection.A.1.2}{A.1.2 博士学位论文}{section.A.1}% 43
\BOOKMARK [1][]{section.A.2}{A.2 对学位论文的格式要求}{appendix.A}% 44
\BOOKMARK [2][]{subsection.A.2.1}{A.2.1 编写要求}{section.A.2}% 45
\BOOKMARK [2][]{subsection.A.2.2}{A.2.2 打印}{section.A.2}% 46
\BOOKMARK [2][]{subsection.A.2.3}{A.2.3 装订}{section.A.2}% 47
\BOOKMARK [0][]{appendix*.9}{致谢}{title.-1}% 48
\BOOKMARK [0][]{appendix*.10}{在读期间发表的学术论文与取得的研究成果}{title.-1}% 49
